<?xml version="1.0" encoding="UTF-8"?>
<testsuite xmlns:xsi="http://www.w3.org/2001/XMLSchema-instance" xsi:noNamespaceSchemaLocation="https://maven.apache.org/surefire/maven-surefire-plugin/xsd/surefire-test-report.xsd" name="TestSuite" time="55.659" tests="1" errors="0" skipped="0" failures="1">
  <properties>
    <property name="java.runtime.name" value="Java(TM) SE Runtime Environment"/>
    <property name="sun.boot.library.path" value="/Library/Java/JavaVirtualMachines/jdk1.8.0_241.jdk/Contents/Home/jre/lib"/>
    <property name="java.vm.version" value="25.241-b07"/>
    <property name="gopherProxySet" value="false"/>
    <property name="java.vm.vendor" value="Oracle Corporation"/>
    <property name="maven.multiModuleProjectDirectory" value="/Users/amrsingh0/eclipse-workspace/QedgeAssignment-Amrendra"/>
    <property name="java.vendor.url" value="http://java.oracle.com/"/>
    <property name="path.separator" value=":"/>
    <property name="guice.disable.misplaced.annotation.check" value="true"/>
    <property name="java.vm.name" value="Java HotSpot(TM) 64-Bit Server VM"/>
    <property name="file.encoding.pkg" value="sun.io"/>
    <property name="user.country" value="IN"/>
    <property name="sun.java.launcher" value="SUN_STANDARD"/>
    <property name="sun.os.patch.level" value="unknown"/>
    <property name="java.vm.specification.name" value="Java Virtual Machine Specification"/>
    <property name="user.dir" value="/Users/amrsingh0/eclipse-workspace/QedgeAssignment-Amrendra"/>
    <property name="java.runtime.version" value="1.8.0_241-b07"/>
    <property name="java.awt.graphicsenv" value="sun.awt.CGraphicsEnvironment"/>
    <property name="java.endorsed.dirs" value="/Library/Java/JavaVirtualMachines/jdk1.8.0_241.jdk/Contents/Home/jre/lib/endorsed"/>
    <property name="os.arch" value="x86_64"/>
    <property name="java.io.tmpdir" value="/var/folders/fq/hrvpn2ds0c1bj4tldnnl8h29ty33ft/T/"/>
    <property name="line.separator" value="&#10;"/>
    <property name="java.vm.specification.vendor" value="Oracle Corporation"/>
    <property name="os.name" value="Mac OS X"/>
    <property name="classworlds.conf" value="/Users/amrsingh0/Downloads/apache-maven-3.6.1/bin/m2.conf"/>
    <property name="sun.jnu.encoding" value="UTF-8"/>
    <property name="java.library.path" value="/Users/amrsingh0/Library/Java/Extensions:/Library/Java/Extensions:/Network/Library/Java/Extensions:/System/Library/Java/Extensions:/usr/lib/java:."/>
    <property name="maven.conf" value="/Users/amrsingh0/Downloads/apache-maven-3.6.1/conf"/>
    <property name="java.specification.name" value="Java Platform API Specification"/>
    <property name="java.class.version" value="52.0"/>
    <property name="sun.management.compiler" value="HotSpot 64-Bit Tiered Compilers"/>
    <property name="os.version" value="10.14.6"/>
    <property name="library.jansi.path" value="/Users/amrsingh0/Downloads/apache-maven-3.6.1/lib/jansi-native"/>
    <property name="user.home" value="/Users/amrsingh0"/>
    <property name="user.timezone" value="Asia/Kolkata"/>
    <property name="java.awt.printerjob" value="sun.lwawt.macosx.CPrinterJob"/>
    <property name="java.specification.version" value="1.8"/>
    <property name="file.encoding" value="UTF-8"/>
    <property name="user.name" value="amrsingh0"/>
    <property name="java.class.path" value="/Users/amrsingh0/Downloads/apache-maven-3.6.1/boot/plexus-classworlds-2.6.0.jar"/>
    <property name="java.vm.specification.version" value="1.8"/>
    <property name="sun.arch.data.model" value="64"/>
    <property name="java.home" value="/Library/Java/JavaVirtualMachines/jdk1.8.0_241.jdk/Contents/Home/jre"/>
    <property name="sun.java.command" value="org.codehaus.plexus.classworlds.launcher.Launcher clean install"/>
    <property name="java.specification.vendor" value="Oracle Corporation"/>
    <property name="user.language" value="en"/>
    <property name="awt.toolkit" value="sun.lwawt.macosx.LWCToolkit"/>
    <property name="java.vm.info" value="mixed mode"/>
    <property name="java.version" value="1.8.0_241"/>
    <property name="java.ext.dirs" value="/Users/amrsingh0/Library/Java/Extensions:/Library/Java/JavaVirtualMachines/jdk1.8.0_241.jdk/Contents/Home/jre/lib/ext:/Library/Java/Extensions:/Network/Library/Java/Extensions:/System/Library/Java/Extensions:/usr/lib/java"/>
    <property name="sun.boot.class.path" value="/Library/Java/JavaVirtualMachines/jdk1.8.0_241.jdk/Contents/Home/jre/lib/resources.jar:/Library/Java/JavaVirtualMachines/jdk1.8.0_241.jdk/Contents/Home/jre/lib/rt.jar:/Library/Java/JavaVirtualMachines/jdk1.8.0_241.jdk/Contents/Home/jre/lib/sunrsasign.jar:/Library/Java/JavaVirtualMachines/jdk1.8.0_241.jdk/Contents/Home/jre/lib/jsse.jar:/Library/Java/JavaVirtualMachines/jdk1.8.0_241.jdk/Contents/Home/jre/lib/jce.jar:/Library/Java/JavaVirtualMachines/jdk1.8.0_241.jdk/Contents/Home/jre/lib/charsets.jar:/Library/Java/JavaVirtualMachines/jdk1.8.0_241.jdk/Contents/Home/jre/lib/jfr.jar:/Library/Java/JavaVirtualMachines/jdk1.8.0_241.jdk/Contents/Home/jre/classes"/>
    <property name="java.vendor" value="Oracle Corporation"/>
    <property name="maven.home" value="/Users/amrsingh0/Downloads/apache-maven-3.6.1"/>
    <property name="file.separator" value="/"/>
    <property name="java.vendor.url.bug" value="http://bugreport.sun.com/bugreport/"/>
    <property name="sun.cpu.endian" value="little"/>
    <property name="sun.io.unicode.encoding" value="UnicodeBig"/>
    <property name="sun.cpu.isalist" value=""/>
  </properties>
  <testcase name="feature" classname="driver.runner" time="54.875">
    <failure message="org.openqa.selenium.NoSuchElementException: no such element: Unable to locate element: {&quot;method&quot;:&quot;xpath&quot;,&quot;selector&quot;:&quot;/html/body/div[1]/div[2]/div/div[1]/div[4]/section[3]/div[3]/div/article[1]/div/a/div[4]/span/div[2]/div[1]&quot;}&#10;  (Session info: chrome=80.0.3987.116)&#10;For documentation on this error, please visit: https://www.seleniumhq.org/exceptions/no_such_element.html&#10;Build info: version: &apos;3.141.59&apos;, revision: &apos;e82be7d358&apos;, time: &apos;2018-11-14T08:17:03&apos;&#10;System info: host: &apos;WKMIN4524753&apos;, ip: &apos;fe80:0:0:0:c2d:4ab6:cc1a:8bed%en0&apos;, os.name: &apos;Mac OS X&apos;, os.arch: &apos;x86_64&apos;, os.version: &apos;10.14.6&apos;, java.version: &apos;1.8.0_241&apos;&#10;Driver info: org.openqa.selenium.chrome.ChromeDriver&#10;Capabilities {acceptInsecureCerts: false, browserName: chrome, browserVersion: 80.0.3987.116, chrome: {chromedriverVersion: 80.0.3987.106 (f68069574609..., userDataDir: /var/folders/fq/hrvpn2ds0c1...}, goog:chromeOptions: {debuggerAddress: localhost:56472}, javascriptEnabled: true, networkConnectionEnabled: false, pageLoadStrategy: normal, platform: MAC, platformName: MAC, proxy: Proxy(), setWindowRect: true, strictFileInteractability: false, timeouts: {implicit: 0, pageLoad: 300000, script: 30000}, unhandledPromptBehavior: dismiss and notify}&#10;Session ID: 28f6ac5fadc3d28fda11d1b00489e987&#10;*** Element info: {Using=xpath, value=/html/body/div[1]/div[2]/div/div[1]/div[4]/section[3]/div[3]/div/article[1]/div/a/div[4]/span/div[2]/div[1]}" type="cucumber.runtime.CucumberException">cucumber.runtime.CucumberException: 
org.openqa.selenium.NoSuchElementException: no such element: Unable to locate element: {"method":"xpath","selector":"/html/body/div[1]/div[2]/div/div[1]/div[4]/section[3]/div[3]/div/article[1]/div/a/div[4]/span/div[2]/div[1]"}
  (Session info: chrome=80.0.3987.116)
For documentation on this error, please visit: https://www.seleniumhq.org/exceptions/no_such_element.html
Build info: version: '3.141.59', revision: 'e82be7d358', time: '2018-11-14T08:17:03'
System info: host: 'WKMIN4524753', ip: 'fe80:0:0:0:c2d:4ab6:cc1a:8bed%en0', os.name: 'Mac OS X', os.arch: 'x86_64', os.version: '10.14.6', java.version: '1.8.0_241'
Driver info: org.openqa.selenium.chrome.ChromeDriver
Capabilities {acceptInsecureCerts: false, browserName: chrome, browserVersion: 80.0.3987.116, chrome: {chromedriverVersion: 80.0.3987.106 (f68069574609..., userDataDir: /var/folders/fq/hrvpn2ds0c1...}, goog:chromeOptions: {debuggerAddress: localhost:56472}, javascriptEnabled: true, networkConnectionEnabled: false, pageLoadStrategy: normal, platform: MAC, platformName: MAC, proxy: Proxy(), setWindowRect: true, strictFileInteractability: false, timeouts: {implicit: 0, pageLoad: 300000, script: 30000}, unhandledPromptBehavior: dismiss and notify}
Session ID: 28f6ac5fadc3d28fda11d1b00489e987
*** Element info: {Using=xpath, value=/html/body/div[1]/div[2]/div/div[1]/div[4]/section[3]/div[3]/div/article[1]/div/a/div[4]/span/div[2]/div[1]}
	at driver.runner.feature(runner.java:29)
Caused by: org.openqa.selenium.NoSuchElementException: 
no such element: Unable to locate element: {"method":"xpath","selector":"/html/body/div[1]/div[2]/div/div[1]/div[4]/section[3]/div[3]/div/article[1]/div/a/div[4]/span/div[2]/div[1]"}
  (Session info: chrome=80.0.3987.116)
For documentation on this error, please visit: https://www.seleniumhq.org/exceptions/no_such_element.html
Build info: version: '3.141.59', revision: 'e82be7d358', time: '2018-11-14T08:17:03'
System info: host: 'WKMIN4524753', ip: 'fe80:0:0:0:c2d:4ab6:cc1a:8bed%en0', os.name: 'Mac OS X', os.arch: 'x86_64', os.version: '10.14.6', java.version: '1.8.0_241'
Driver info: org.openqa.selenium.chrome.ChromeDriver
Capabilities {acceptInsecureCerts: false, browserName: chrome, browserVersion: 80.0.3987.116, chrome: {chromedriverVersion: 80.0.3987.106 (f68069574609..., userDataDir: /var/folders/fq/hrvpn2ds0c1...}, goog:chromeOptions: {debuggerAddress: localhost:56472}, javascriptEnabled: true, networkConnectionEnabled: false, pageLoadStrategy: normal, platform: MAC, platformName: MAC, proxy: Proxy(), setWindowRect: true, strictFileInteractability: false, timeouts: {implicit: 0, pageLoad: 300000, script: 30000}, unhandledPromptBehavior: dismiss and notify}
Session ID: 28f6ac5fadc3d28fda11d1b00489e987
*** Element info: {Using=xpath, value=/html/body/div[1]/div[2]/div/div[1]/div[4]/section[3]/div[3]/div/article[1]/div/a/div[4]/span/div[2]/div[1]}
</failure>
    <system-out><![CDATA[@tag
Feature: Creating User

  @script
  Scenario Outline: Validate searching/sorting of Apples by price                     &amp#27;[90m# Login.feature:8&amp#27;[0m
    &amp#27;[36mGiven &amp#27;[0m&amp#27;[36mUser is at homepage of walmart <url> website&amp#27;[0m
    &amp#27;[36mWhen &amp#27;[0m&amp#27;[36mUser search for "Apples"&amp#27;[0m
    &amp#27;[36mThen &amp#27;[0m&amp#27;[36mApples should display on product list page(PLP) with various sorting options&amp#27;[0m
    &amp#27;[36mAnd &amp#27;[0m&amp#27;[36mUser sorts the list by price&amp#27;[0m
    &amp#27;[36mThen &amp#27;[0m&amp#27;[36mThe list get sorted as per price&amp#27;[0m

    Examples: 

  @tag @script
  Scenario Outline: Validate searching/sorting of Apples by price                        &amp#27;[90m# Login.feature:18&amp#27;[0m
    &amp#27;[32mGiven &amp#27;[0m&amp#27;[32mUser is at homepage of walmart &amp#27;[0m&amp#27;[32m&amp#27;[1mhttps://www.walmart.ca/en/grocery/N-117&amp#27;[0m&amp#27;[32m website&amp#27;[0m &amp#27;[90m# StepDef.launch(String)&amp#27;[0m
    &amp#27;[32mWhen &amp#27;[0m&amp#27;[32mUser search for "&amp#27;[0m&amp#27;[32m&amp#27;[1mApples&amp#27;[0m&amp#27;[32m"&amp#27;[0m                                                        &amp#27;[90m# StepDef.search(String)&amp#27;[0m
    &amp#27;[32mThen &amp#27;[0m&amp#27;[32mApples should display on product list page(PLP) with various sorting options&amp#27;[0m    &amp#27;[90m# StepDef.sortOption()&amp#27;[0m
    &amp#27;[32mAnd &amp#27;[0m&amp#27;[32mUser sorts the list by price&amp#27;[0m                                                     &amp#27;[90m# StepDef.sortPrice()&amp#27;[0m
    &amp#27;[31mThen &amp#27;[0m&amp#27;[31mThe list get sorted as per price&amp#27;[0m                                                &amp#27;[90m# StepDef.validateSortPrice()&amp#27;[0m
      &amp#27;[31morg.openqa.selenium.NoSuchElementException: no such element: Unable to locate element: {"method":"xpath","selector":"/html/body/div[1]/div[2]/div/div[1]/div[4]/section[3]/div[3]/div/article[1]/div/a/div[4]/span/div[2]/div[1]"}
        (Session info: chrome=80.0.3987.116)
      For documentation on this error, please visit: https://www.seleniumhq.org/exceptions/no_such_element.html
      Build info: version: '3.141.59', revision: 'e82be7d358', time: '2018-11-14T08:17:03'
      System info: host: 'WKMIN4524753', ip: 'fe80:0:0:0:c2d:4ab6:cc1a:8bed%en0', os.name: 'Mac OS X', os.arch: 'x86_64', os.version: '10.14.6', java.version: '1.8.0_241'
      Driver info: org.openqa.selenium.chrome.ChromeDriver
      Capabilities {acceptInsecureCerts: false, browserName: chrome, browserVersion: 80.0.3987.116, chrome: {chromedriverVersion: 80.0.3987.106 (f68069574609..., userDataDir: /var/folders/fq/hrvpn2ds0c1...}, goog:chromeOptions: {debuggerAddress: localhost:56472}, javascriptEnabled: true, networkConnectionEnabled: false, pageLoadStrategy: normal, platform: MAC, platformName: MAC, proxy: Proxy(), setWindowRect: true, strictFileInteractability: false, timeouts: {implicit: 0, pageLoad: 300000, script: 30000}, unhandledPromptBehavior: dismiss and notify}
      Session ID: 28f6ac5fadc3d28fda11d1b00489e987
      *** Element info: {Using=xpath, value=/html/body/div[1]/div[2]/div/div[1]/div[4]/section[3]/div[3]/div/article[1]/div/a/div[4]/span/div[2]/div[1]}
      	at sun.reflect.NativeConstructorAccessorImpl.newInstance0(Native Method)
      	at sun.reflect.NativeConstructorAccessorImpl.newInstance(NativeConstructorAccessorImpl.java:62)
      	at sun.reflect.DelegatingConstructorAccessorImpl.newInstance(DelegatingConstructorAccessorImpl.java:45)
      	at java.lang.reflect.Constructor.newInstance(Constructor.java:423)
      	at org.openqa.selenium.remote.http.W3CHttpResponseCodec.createException(W3CHttpResponseCodec.java:187)
      	at org.openqa.selenium.remote.http.W3CHttpResponseCodec.decode(W3CHttpResponseCodec.java:122)
      	at org.openqa.selenium.remote.http.W3CHttpResponseCodec.decode(W3CHttpResponseCodec.java:49)
      	at org.openqa.selenium.remote.HttpCommandExecutor.execute(HttpCommandExecutor.java:158)
      	at org.openqa.selenium.remote.service.DriverCommandExecutor.execute(DriverCommandExecutor.java:83)
      	at org.openqa.selenium.remote.RemoteWebDriver.execute(RemoteWebDriver.java:552)
      	at org.openqa.selenium.remote.RemoteWebDriver.findElement(RemoteWebDriver.java:323)
      	at org.openqa.selenium.remote.RemoteWebDriver.findElementByXPath(RemoteWebDriver.java:428)
      	at org.openqa.selenium.By$ByXPath.findElement(By.java:353)
      	at org.openqa.selenium.remote.RemoteWebDriver.findElement(RemoteWebDriver.java:315)
      	at page.SearchPage.validatePriceSorting(SearchPage.java:86)
      	at stepDefinition.StepDef.validateSortPrice(StepDef.java:48)
      	at âœ½.Then The list get sorted as per price(Login.feature:14)
      &amp#27;[0m
]]></system-out>
    <system-err><![CDATA[SLF4J: Failed to load class "org.slf4j.impl.StaticLoggerBinder".
SLF4J: Defaulting to no-operation (NOP) logger implementation
SLF4J: See http://www.slf4j.org/codes.html#StaticLoggerBinder for further details.
Starting ChromeDriver 80.0.3987.106 (f68069574609230cf9b635cd784cfb1bf81bb53a-refs/branch-heads/3987@{#882}) on port 29801
Only local connections are allowed.
Please protect ports used by ChromeDriver and related test frameworks to prevent access by malicious code.
Jun 10, 2020 11:44:01 AM org.openqa.selenium.remote.ProtocolHandshake createSession
INFO: Detected dialect: W3C
[1591769647.089][SEVERE]: Timed out receiving message from renderer: 0.100
[1591769647.191][SEVERE]: Timed out receiving message from renderer: 0.100
[1591769647.319][SEVERE]: Timed out receiving message from renderer: 0.100
[1591769647.421][SEVERE]: Timed out receiving message from renderer: 0.100
[1591769647.523][SEVERE]: Timed out receiving message from renderer: 0.100
[1591769647.624][SEVERE]: Timed out receiving message from renderer: 0.100
[1591769647.726][SEVERE]: Timed out receiving message from renderer: 0.100
[1591769647.827][SEVERE]: Timed out receiving message from renderer: 0.100
[1591769648.098][SEVERE]: Timed out receiving message from renderer: 0.100
[1591769648.414][SEVERE]: Timed out receiving message from renderer: 0.100
[1591769648.558][SEVERE]: Timed out receiving message from renderer: 0.100
[1591769648.750][SEVERE]: Timed out receiving message from renderer: 0.100
[1591769648.868][SEVERE]: Timed out receiving message from renderer: 0.100
[1591769648.970][SEVERE]: Timed out receiving message from renderer: 0.100
[1591769649.073][SEVERE]: Timed out receiving message from renderer: 0.100
[1591769649.174][SEVERE]: Timed out receiving message from renderer: 0.100
[1591769649.277][SEVERE]: Timed out receiving message from renderer: 0.100
[1591769649.379][SEVERE]: Timed out receiving message from renderer: 0.100
[1591769649.481][SEVERE]: Timed out receiving message from renderer: 0.100
[1591769649.583][SEVERE]: Timed out receiving message from renderer: 0.100
[1591769649.684][SEVERE]: Timed out receiving message from renderer: 0.100
[1591769649.921][SEVERE]: Timed out receiving message from renderer: 0.100
[1591769650.022][SEVERE]: Timed out receiving message from renderer: 0.100
[1591769650.124][SEVERE]: Timed out receiving message from renderer: 0.100
[1591769650.226][SEVERE]: Timed out receiving message from renderer: 0.100
[1591769650.476][SEVERE]: Timed out receiving message from renderer: 0.100
[1591769650.578][SEVERE]: Timed out receiving message from renderer: 0.100
[1591769650.680][SEVERE]: Timed out receiving message from renderer: 0.100
[1591769650.957][SEVERE]: Timed out receiving message from renderer: 0.100
[1591769651.059][SEVERE]: Timed out receiving message from renderer: 0.100
[1591769651.160][SEVERE]: Timed out receiving message from renderer: 0.100
[1591769651.263][SEVERE]: Timed out receiving message from renderer: 0.100
[1591769651.366][SEVERE]: Timed out receiving message from renderer: 0.100
[1591769651.468][SEVERE]: Timed out receiving message from renderer: 0.100
[1591769651.569][SEVERE]: Timed out receiving message from renderer: 0.100
[1591769651.671][SEVERE]: Timed out receiving message from renderer: 0.100
[1591769651.774][SEVERE]: Timed out receiving message from renderer: 0.100
[1591769651.876][SEVERE]: Timed out receiving message from renderer: 0.100
[1591769651.978][SEVERE]: Timed out receiving message from renderer: 0.100
[1591769652.079][SEVERE]: Timed out receiving message from renderer: 0.100
[1591769652.276][SEVERE]: Timed out receiving message from renderer: 0.100
[1591769652.503][SEVERE]: Timed out receiving message from renderer: 0.100
[1591769652.605][SEVERE]: Timed out receiving message from renderer: 0.100
[1591769652.707][SEVERE]: Timed out receiving message from renderer: 0.100
[1591769652.810][SEVERE]: Timed out receiving message from renderer: 0.100
[1591769652.912][SEVERE]: Timed out receiving message from renderer: 0.100
[1591769653.187][SEVERE]: Timed out receiving message from renderer: 0.100
[1591769653.298][SEVERE]: Timed out receiving message from renderer: 0.100
[1591769653.401][SEVERE]: Timed out receiving message from renderer: 0.100
[1591769653.503][SEVERE]: Timed out receiving message from renderer: 0.100
[1591769653.606][SEVERE]: Timed out receiving message from renderer: 0.100
[1591769653.708][SEVERE]: Timed out receiving message from renderer: 0.100
[1591769653.809][SEVERE]: Timed out receiving message from renderer: 0.100
[1591769654.103][SEVERE]: Timed out receiving message from renderer: 0.100
[1591769654.285][SEVERE]: Timed out receiving message from renderer: 0.100
[1591769654.512][SEVERE]: Timed out receiving message from renderer: 0.100
[1591769654.613][SEVERE]: Timed out receiving message from renderer: 0.100
[1591769654.740][SEVERE]: Timed out receiving message from renderer: 0.100
[1591769654.854][SEVERE]: Timed out receiving message from renderer: 0.100
[1591769654.957][SEVERE]: Timed out receiving message from renderer: 0.100
[1591769655.135][SEVERE]: Timed out receiving message from renderer: 0.100
[1591769655.237][SEVERE]: Timed out receiving message from renderer: 0.100
[1591769655.339][SEVERE]: Timed out receiving message from renderer: 0.100
[1591769655.440][SEVERE]: Timed out receiving message from renderer: 0.100
[1591769655.543][SEVERE]: Timed out receiving message from renderer: 0.100
[1591769655.644][SEVERE]: Timed out receiving message from renderer: 0.100
[1591769655.746][SEVERE]: Timed out receiving message from renderer: 0.100
[1591769655.849][SEVERE]: Timed out receiving message from renderer: 0.100
[1591769655.951][SEVERE]: Timed out receiving message from renderer: 0.100
[1591769656.054][SEVERE]: Timed out receiving message from renderer: 0.100
[1591769656.156][SEVERE]: Timed out receiving message from renderer: 0.100
[1591769656.259][SEVERE]: Timed out receiving message from renderer: 0.100
[1591769656.361][SEVERE]: Timed out receiving message from renderer: 0.100
[1591769656.464][SEVERE]: Timed out receiving message from renderer: 0.100
[1591769656.566][SEVERE]: Timed out receiving message from renderer: 0.100
[1591769656.668][SEVERE]: Timed out receiving message from renderer: 0.100
[1591769656.770][SEVERE]: Timed out receiving message from renderer: 0.100
[1591769656.873][SEVERE]: Timed out receiving message from renderer: 0.100
[1591769656.975][SEVERE]: Timed out receiving message from renderer: 0.100
[1591769657.076][SEVERE]: Timed out receiving message from renderer: 0.100
[1591769657.180][SEVERE]: Timed out receiving message from renderer: 0.100
[1591769657.281][SEVERE]: Timed out receiving message from renderer: 0.100
[1591769657.383][SEVERE]: Timed out receiving message from renderer: 0.100
[1591769657.484][SEVERE]: Timed out receiving message from renderer: 0.100
[1591769657.595][SEVERE]: Timed out receiving message from renderer: 0.100
[1591769657.700][SEVERE]: Timed out receiving message from renderer: 0.100
[1591769657.801][SEVERE]: Timed out receiving message from renderer: 0.100
[1591769657.905][SEVERE]: Timed out receiving message from renderer: 0.100
[1591769658.007][SEVERE]: Timed out receiving message from renderer: 0.100
[1591769658.115][SEVERE]: Timed out receiving message from renderer: 0.100
[1591769658.217][SEVERE]: Timed out receiving message from renderer: 0.100
[1591769658.320][SEVERE]: Timed out receiving message from renderer: 0.100
[1591769658.422][SEVERE]: Timed out receiving message from renderer: 0.100
[1591769658.525][SEVERE]: Timed out receiving message from renderer: 0.100
[1591769658.626][SEVERE]: Timed out receiving message from renderer: 0.100
[1591769658.729][SEVERE]: Timed out receiving message from renderer: 0.100
[1591769658.831][SEVERE]: Timed out receiving message from renderer: 0.100
[1591769658.932][SEVERE]: Timed out receiving message from renderer: 0.100
[1591769659.034][SEVERE]: Timed out receiving message from renderer: 0.100
[1591769659.135][SEVERE]: Timed out receiving message from renderer: 0.100
[1591769659.238][SEVERE]: Timed out receiving message from renderer: 0.100
[1591769659.341][SEVERE]: Timed out receiving message from renderer: 0.100
[1591769659.443][SEVERE]: Timed out receiving message from renderer: 0.100
[1591769659.545][SEVERE]: Timed out receiving message from renderer: 0.100
[1591769659.646][SEVERE]: Timed out receiving message from renderer: 0.100
[1591769659.748][SEVERE]: Timed out receiving message from renderer: 0.100
[1591769659.850][SEVERE]: Timed out receiving message from renderer: 0.100
[1591769659.952][SEVERE]: Timed out receiving message from renderer: 0.100
[1591769660.054][SEVERE]: Timed out receiving message from renderer: 0.100
[1591769660.157][SEVERE]: Timed out receiving message from renderer: 0.100
[1591769660.259][SEVERE]: Timed out receiving message from renderer: 0.100
[1591769660.362][SEVERE]: Timed out receiving message from renderer: 0.100
[1591769660.463][SEVERE]: Timed out receiving message from renderer: 0.100
[1591769660.566][SEVERE]: Timed out receiving message from renderer: 0.100
[1591769660.669][SEVERE]: Timed out receiving message from renderer: 0.100
[1591769660.816][SEVERE]: Timed out receiving message from renderer: 0.100
[1591769660.919][SEVERE]: Timed out receiving message from renderer: 0.100
[1591769661.026][SEVERE]: Timed out receiving message from renderer: 0.100
[1591769661.186][SEVERE]: Timed out receiving message from renderer: 0.100
[1591769661.289][SEVERE]: Timed out receiving message from renderer: 0.100
[1591769663.344][SEVERE]: Timed out receiving message from renderer: 0.100
[1591769663.446][SEVERE]: Timed out receiving message from renderer: 0.100
[1591769663.644][SEVERE]: Timed out receiving message from renderer: 0.100
[1591769663.746][SEVERE]: Timed out receiving message from renderer: 0.100
[1591769663.848][SEVERE]: Timed out receiving message from renderer: 0.100
[1591769663.967][SEVERE]: Timed out receiving message from renderer: 0.100
[1591769664.070][SEVERE]: Timed out receiving message from renderer: 0.100
[1591769664.173][SEVERE]: Timed out receiving message from renderer: 0.100
[1591769664.276][SEVERE]: Timed out receiving message from renderer: 0.100
[1591769664.378][SEVERE]: Timed out receiving message from renderer: 0.100
[1591769664.511][SEVERE]: Timed out receiving message from renderer: 0.100
[1591769664.612][SEVERE]: Timed out receiving message from renderer: 0.100
[1591769664.714][SEVERE]: Timed out receiving message from renderer: 0.100
[1591769664.816][SEVERE]: Timed out receiving message from renderer: 0.100
[1591769664.918][SEVERE]: Timed out receiving message from renderer: 0.100
[1591769665.021][SEVERE]: Timed out receiving message from renderer: 0.100
[1591769665.123][SEVERE]: Timed out receiving message from renderer: 0.100
[1591769665.226][SEVERE]: Timed out receiving message from renderer: 0.100
[1591769665.328][SEVERE]: Timed out receiving message from renderer: 0.100
[1591769665.429][SEVERE]: Timed out receiving message from renderer: 0.100
[1591769665.531][SEVERE]: Timed out receiving message from renderer: 0.100
[1591769665.633][SEVERE]: Timed out receiving message from renderer: 0.100
[1591769665.734][SEVERE]: Timed out receiving message from renderer: 0.100
[1591769665.837][SEVERE]: Timed out receiving message from renderer: 0.100
[1591769665.939][SEVERE]: Timed out receiving message from renderer: 0.100
[1591769666.041][SEVERE]: Timed out receiving message from renderer: 0.100
[1591769666.143][SEVERE]: Timed out receiving message from renderer: 0.100
[1591769666.244][SEVERE]: Timed out receiving message from renderer: 0.100
[1591769666.520][SEVERE]: Timed out receiving message from renderer: 0.100
[1591769666.665][SEVERE]: Timed out receiving message from renderer: 0.100
[1591769666.767][SEVERE]: Timed out receiving message from renderer: 0.100
[1591769666.870][SEVERE]: Timed out receiving message from renderer: 0.100
[1591769666.973][SEVERE]: Timed out receiving message from renderer: 0.100
[1591769667.075][SEVERE]: Timed out receiving message from renderer: 0.100
[1591769667.176][SEVERE]: Timed out receiving message from renderer: 0.100
[1591769667.279][SEVERE]: Timed out receiving message from renderer: 0.100
[1591769667.381][SEVERE]: Timed out receiving message from renderer: 0.100
[1591769667.483][SEVERE]: Timed out receiving message from renderer: 0.100
[1591769667.586][SEVERE]: Timed out receiving message from renderer: 0.100
[1591769667.688][SEVERE]: Timed out receiving message from renderer: 0.100
[1591769667.790][SEVERE]: Timed out receiving message from renderer: 0.100
[1591769667.923][SEVERE]: Timed out receiving message from renderer: 0.100
[1591769668.025][SEVERE]: Timed out receiving message from renderer: 0.100
[1591769668.127][SEVERE]: Timed out receiving message from renderer: 0.100
[1591769668.229][SEVERE]: Timed out receiving message from renderer: 0.100
[1591769668.331][SEVERE]: Timed out receiving message from renderer: 0.100
[1591769668.433][SEVERE]: Timed out receiving message from renderer: 0.100
[1591769668.536][SEVERE]: Timed out receiving message from renderer: 0.100
[1591769668.638][SEVERE]: Timed out receiving message from renderer: 0.100
[1591769668.741][SEVERE]: Timed out receiving message from renderer: 0.100
[1591769668.843][SEVERE]: Timed out receiving message from renderer: 0.100
[1591769668.945][SEVERE]: Timed out receiving message from renderer: 0.100
[1591769669.048][SEVERE]: Timed out receiving message from renderer: 0.100
[1591769669.149][SEVERE]: Timed out receiving message from renderer: 0.100
[1591769669.251][SEVERE]: Timed out receiving message from renderer: 0.100
[1591769669.354][SEVERE]: Timed out receiving message from renderer: 0.100
[1591769669.456][SEVERE]: Timed out receiving message from renderer: 0.100
[1591769669.558][SEVERE]: Timed out receiving message from renderer: 0.100
[1591769669.676][SEVERE]: Timed out receiving message from renderer: 0.100
[1591769669.778][SEVERE]: Timed out receiving message from renderer: 0.100
[1591769669.884][SEVERE]: Timed out receiving message from renderer: 0.100
[1591769669.987][SEVERE]: Timed out receiving message from renderer: 0.100
[1591769670.089][SEVERE]: Timed out receiving message from renderer: 0.100
[1591769670.191][SEVERE]: Timed out receiving message from renderer: 0.100
[1591769670.293][SEVERE]: Timed out receiving message from renderer: 0.100
[1591769670.395][SEVERE]: Timed out receiving message from renderer: 0.100
[1591769670.498][SEVERE]: Timed out receiving message from renderer: 0.100
[1591769670.600][SEVERE]: Timed out receiving message from renderer: 0.100
[1591769670.702][SEVERE]: Timed out receiving message from renderer: 0.100
[1591769670.805][SEVERE]: Timed out receiving message from renderer: 0.100
[1591769670.907][SEVERE]: Timed out receiving message from renderer: 0.100
[1591769679.017][SEVERE]: Timed out receiving message from renderer: 0.100
[1591769680.213][SEVERE]: Timed out receiving message from renderer: 0.100
[1591769680.452][SEVERE]: Timed out receiving message from renderer: 0.100
[1591769680.555][SEVERE]: Timed out receiving message from renderer: 0.100
[1591769680.657][SEVERE]: Timed out receiving message from renderer: 0.100
[1591769680.822][SEVERE]: Timed out receiving message from renderer: 0.100
[1591769680.954][SEVERE]: Timed out receiving message from renderer: 0.100
[1591769681.088][SEVERE]: Timed out receiving message from renderer: 0.100
[1591769681.190][SEVERE]: Timed out receiving message from renderer: 0.100
[1591769681.292][SEVERE]: Timed out receiving message from renderer: 0.100
[1591769681.393][SEVERE]: Timed out receiving message from renderer: 0.100
[1591769681.496][SEVERE]: Timed out receiving message from renderer: 0.100
[1591769681.599][SEVERE]: Timed out receiving message from renderer: 0.100
[1591769681.701][SEVERE]: Timed out receiving message from renderer: 0.100
[1591769681.804][SEVERE]: Timed out receiving message from renderer: 0.100
[1591769681.906][SEVERE]: Timed out receiving message from renderer: 0.100
[1591769682.009][SEVERE]: Timed out receiving message from renderer: 0.100
[1591769682.112][SEVERE]: Timed out receiving message from renderer: 0.100
[1591769682.214][SEVERE]: Timed out receiving message from renderer: 0.100
[1591769682.316][SEVERE]: Timed out receiving message from renderer: 0.100
[1591769682.418][SEVERE]: Timed out receiving message from renderer: 0.100
[1591769682.521][SEVERE]: Timed out receiving message from renderer: 0.100
[1591769682.624][SEVERE]: Timed out receiving message from renderer: 0.100
[1591769682.726][SEVERE]: Timed out receiving message from renderer: 0.100
[1591769682.828][SEVERE]: Timed out receiving message from renderer: 0.100
[1591769682.931][SEVERE]: Timed out receiving message from renderer: 0.100
[1591769683.033][SEVERE]: Timed out receiving message from renderer: 0.100
[1591769683.135][SEVERE]: Timed out receiving message from renderer: 0.100
[1591769683.238][SEVERE]: Timed out receiving message from renderer: 0.100
[1591769683.340][SEVERE]: Timed out receiving message from renderer: 0.100
[1591769683.442][SEVERE]: Timed out receiving message from renderer: 0.100
[1591769683.545][SEVERE]: Timed out receiving message from renderer: 0.100
[1591769683.647][SEVERE]: Timed out receiving message from renderer: 0.100
[1591769683.749][SEVERE]: Timed out receiving message from renderer: 0.100
[1591769683.851][SEVERE]: Timed out receiving message from renderer: 0.100
[1591769683.953][SEVERE]: Timed out receiving message from renderer: 0.100
[1591769684.055][SEVERE]: Timed out receiving message from renderer: 0.100
[1591769684.157][SEVERE]: Timed out receiving message from renderer: 0.100
[1591769684.259][SEVERE]: Timed out receiving message from renderer: 0.100
[1591769684.361][SEVERE]: Timed out receiving message from renderer: 0.100
[1591769684.542][SEVERE]: Timed out receiving message from renderer: 0.100
]]></system-err>
  </testcase>
</testsuite>